Crashlog created at 2014-02-10 15:47:33 -0500

===== MESSAGE:

NoMethodError: undefined method `link_to' for #<Nanoc::Context:0x007f9369200450>

===== COMPILATION STACK:

  (empty)

===== STACK TRACE:

  0. layout /default/:87:in `get_binding'
  1. /usr/local/opt/rbenv/versions/2.1.0/lib/ruby/2.1.0/erb.rb:850:in `eval'
  2. /usr/local/opt/rbenv/versions/2.1.0/lib/ruby/2.1.0/erb.rb:850:in `result'
  3. /usr/local/opt/rbenv/versions/2.1.0/lib/ruby/gems/2.1.0/gems/nanoc-3.6.7/lib/nanoc/filters/erb.rb:34:in `run'
  4. /usr/local/opt/rbenv/versions/2.1.0/lib/ruby/gems/2.1.0/gems/nanoc-3.6.7/lib/nanoc/base/compilation/filter.rb:122:in `setup_and_run'
  5. /usr/local/opt/rbenv/versions/2.1.0/lib/ruby/gems/2.1.0/gems/nanoc-3.6.7/lib/nanoc/base/result_data/item_rep.rb:409:in `layout'
  6. /usr/local/opt/rbenv/versions/2.1.0/lib/ruby/gems/2.1.0/gems/nanoc-3.6.7/lib/nanoc/base/compilation/item_rep_proxy.rb:69:in `layout'
  7. /usr/local/opt/rbenv/versions/2.1.0/lib/ruby/gems/2.1.0/gems/nanoc-3.6.7/lib/nanoc/base/compilation/rule_context.rb:68:in `layout'
  8. ./Rules:25:in `block in load'
  9. /usr/local/opt/rbenv/versions/2.1.0/lib/ruby/gems/2.1.0/gems/nanoc-3.6.7/lib/nanoc/base/compilation/rule.rb:68:in `instance_eval'
  10. /usr/local/opt/rbenv/versions/2.1.0/lib/ruby/gems/2.1.0/gems/nanoc-3.6.7/lib/nanoc/base/compilation/rule.rb:68:in `apply_to'
  11. /usr/local/opt/rbenv/versions/2.1.0/lib/ruby/gems/2.1.0/gems/nanoc-3.6.7/lib/nanoc/base/compilation/compiler.rb:384:in `compile_rep'
  12. /usr/local/opt/rbenv/versions/2.1.0/lib/ruby/gems/2.1.0/gems/nanoc-3.6.7/lib/nanoc/base/compilation/compiler.rb:340:in `block in compile_reps'
  13. /usr/local/opt/rbenv/versions/2.1.0/lib/ruby/gems/2.1.0/gems/nanoc-3.6.7/lib/nanoc/base/compilation/compiler.rb:333:in `loop'
  14. /usr/local/opt/rbenv/versions/2.1.0/lib/ruby/gems/2.1.0/gems/nanoc-3.6.7/lib/nanoc/base/compilation/compiler.rb:333:in `compile_reps'
  15. /usr/local/opt/rbenv/versions/2.1.0/lib/ruby/gems/2.1.0/gems/nanoc-3.6.7/lib/nanoc/base/compilation/compiler.rb:89:in `run'
  16. /usr/local/opt/rbenv/versions/2.1.0/lib/ruby/gems/2.1.0/gems/nanoc-3.6.7/lib/nanoc/base/source_data/site.rb:58:in `compile'
  17. /usr/local/opt/rbenv/versions/2.1.0/lib/ruby/gems/2.1.0/gems/guard-nanoc-1.0.2/lib/guard/nanoc.rb:65:in `block in recompile'
  18. /usr/local/opt/rbenv/versions/2.1.0/lib/ruby/gems/2.1.0/gems/guard-nanoc-1.0.2/lib/guard/nanoc.rb:63:in `chdir'
  19. /usr/local/opt/rbenv/versions/2.1.0/lib/ruby/gems/2.1.0/gems/guard-nanoc-1.0.2/lib/guard/nanoc.rb:63:in `recompile'
  20. /usr/local/opt/rbenv/versions/2.1.0/lib/ruby/gems/2.1.0/gems/guard-nanoc-1.0.2/lib/guard/nanoc.rb:24:in `run_all'
  21. /usr/local/opt/rbenv/versions/2.1.0/lib/ruby/gems/2.1.0/gems/guard-2.2.5/lib/guard/runner.rb:67:in `block in run_supervised_task'
  22. /usr/local/opt/rbenv/versions/2.1.0/lib/ruby/gems/2.1.0/gems/guard-2.2.5/lib/guard/runner.rb:65:in `catch'
  23. /usr/local/opt/rbenv/versions/2.1.0/lib/ruby/gems/2.1.0/gems/guard-2.2.5/lib/guard/runner.rb:65:in `run_supervised_task'
  24. /usr/local/opt/rbenv/versions/2.1.0/lib/ruby/gems/2.1.0/gems/guard-2.2.5/lib/guard/runner.rb:22:in `block (2 levels) in run'
  25. /usr/local/opt/rbenv/versions/2.1.0/lib/ruby/gems/2.1.0/gems/guard-2.2.5/lib/guard/runner.rb:132:in `block in _scoped_plugins'
  26. /usr/local/opt/rbenv/versions/2.1.0/lib/ruby/gems/2.1.0/gems/guard-2.2.5/lib/guard/runner.rb:131:in `each'
  27. /usr/local/opt/rbenv/versions/2.1.0/lib/ruby/gems/2.1.0/gems/guard-2.2.5/lib/guard/runner.rb:131:in `_scoped_plugins'
  28. /usr/local/opt/rbenv/versions/2.1.0/lib/ruby/gems/2.1.0/gems/guard-2.2.5/lib/guard/runner.rb:21:in `block in run'
  29. /usr/local/opt/rbenv/versions/2.1.0/lib/ruby/gems/2.1.0/gems/lumberjack-1.0.4/lib/lumberjack.rb:31:in `unit_of_work'
  30. /usr/local/opt/rbenv/versions/2.1.0/lib/ruby/gems/2.1.0/gems/guard-2.2.5/lib/guard/runner.rb:20:in `run'
  31. /usr/local/opt/rbenv/versions/2.1.0/lib/ruby/gems/2.1.0/gems/guard-2.2.5/lib/guard/commander.rb:80:in `block in run_all'
  32. /usr/local/opt/rbenv/versions/2.1.0/lib/ruby/gems/2.1.0/gems/guard-2.2.5/lib/guard/commander.rb:108:in `block in within_preserved_state'
  33. /usr/local/opt/rbenv/versions/2.1.0/lib/ruby/gems/2.1.0/gems/guard-2.2.5/lib/guard/commander.rb:105:in `synchronize'
  34. /usr/local/opt/rbenv/versions/2.1.0/lib/ruby/gems/2.1.0/gems/guard-2.2.5/lib/guard/commander.rb:105:in `within_preserved_state'
  35. /usr/local/opt/rbenv/versions/2.1.0/lib/ruby/gems/2.1.0/gems/guard-2.2.5/lib/guard/commander.rb:77:in `run_all'
  36. /usr/local/opt/rbenv/versions/2.1.0/lib/ruby/gems/2.1.0/gems/guard-2.2.5/lib/guard/commands/all.rb:23:in `process'
  37. /usr/local/opt/rbenv/versions/2.1.0/lib/ruby/gems/2.1.0/gems/pry-0.9.12.4/lib/pry/command.rb:579:in `call'
  38. /usr/local/opt/rbenv/versions/2.1.0/lib/ruby/gems/2.1.0/gems/pry-0.9.12.4/lib/pry/command.rb:453:in `call_with_hooks'
  39. /usr/local/opt/rbenv/versions/2.1.0/lib/ruby/gems/2.1.0/gems/pry-0.9.12.4/lib/pry/command.rb:426:in `call_safely'
  40. /usr/local/opt/rbenv/versions/2.1.0/lib/ruby/gems/2.1.0/gems/pry-0.9.12.4/lib/pry/command.rb:368:in `process_line'
  41. /usr/local/opt/rbenv/versions/2.1.0/lib/ruby/gems/2.1.0/gems/pry-0.9.12.4/lib/pry/command_set.rb:350:in `process_line'
  42. /usr/local/opt/rbenv/versions/2.1.0/lib/ruby/gems/2.1.0/gems/pry-0.9.12.4/lib/pry/pry_instance.rb:445:in `process_command'
  43. /usr/local/opt/rbenv/versions/2.1.0/lib/ruby/gems/2.1.0/gems/pry-0.9.12.4/lib/pry/pry_instance.rb:426:in `retrieve_line'
  44. /usr/local/opt/rbenv/versions/2.1.0/lib/ruby/gems/2.1.0/gems/pry-0.9.12.4/lib/pry/pry_instance.rb:301:in `block in r'
  45. /usr/local/opt/rbenv/versions/2.1.0/lib/ruby/gems/2.1.0/gems/pry-0.9.12.4/lib/pry/pry_instance.rb:298:in `loop'
  46. /usr/local/opt/rbenv/versions/2.1.0/lib/ruby/gems/2.1.0/gems/pry-0.9.12.4/lib/pry/pry_instance.rb:298:in `r'
  47. /usr/local/opt/rbenv/versions/2.1.0/lib/ruby/gems/2.1.0/gems/pry-0.9.12.4/lib/pry/pry_instance.rb:276:in `re'
  48. /usr/local/opt/rbenv/versions/2.1.0/lib/ruby/gems/2.1.0/gems/pry-0.9.12.4/lib/pry/pry_instance.rb:254:in `rep'
  49. /usr/local/opt/rbenv/versions/2.1.0/lib/ruby/gems/2.1.0/gems/pry-0.9.12.4/lib/pry/pry_instance.rb:234:in `block (3 levels) in repl'
  50. /usr/local/opt/rbenv/versions/2.1.0/lib/ruby/gems/2.1.0/gems/pry-0.9.12.4/lib/pry/pry_instance.rb:232:in `loop'
  51. /usr/local/opt/rbenv/versions/2.1.0/lib/ruby/gems/2.1.0/gems/pry-0.9.12.4/lib/pry/pry_instance.rb:232:in `block (2 levels) in repl'
  52. /usr/local/opt/rbenv/versions/2.1.0/lib/ruby/gems/2.1.0/gems/pry-0.9.12.4/lib/pry/pry_instance.rb:231:in `catch'
  53. /usr/local/opt/rbenv/versions/2.1.0/lib/ruby/gems/2.1.0/gems/pry-0.9.12.4/lib/pry/pry_instance.rb:231:in `block in repl'
  54. /usr/local/opt/rbenv/versions/2.1.0/lib/ruby/gems/2.1.0/gems/pry-0.9.12.4/lib/pry/pry_instance.rb:230:in `catch'
  55. /usr/local/opt/rbenv/versions/2.1.0/lib/ruby/gems/2.1.0/gems/pry-0.9.12.4/lib/pry/pry_instance.rb:230:in `repl'
  56. /usr/local/opt/rbenv/versions/2.1.0/lib/ruby/gems/2.1.0/gems/pry-0.9.12.4/lib/pry/pry_class.rb:248:in `run_command'
  57. /usr/local/opt/rbenv/versions/2.1.0/lib/ruby/gems/2.1.0/gems/guard-2.2.5/lib/guard/interactor.rb:236:in `process'
  58. /usr/local/opt/rbenv/versions/2.1.0/lib/ruby/gems/2.1.0/gems/pry-0.9.12.4/lib/pry/command.rb:579:in `call'
  59. /usr/local/opt/rbenv/versions/2.1.0/lib/ruby/gems/2.1.0/gems/pry-0.9.12.4/lib/pry/command.rb:453:in `call_with_hooks'
  60. /usr/local/opt/rbenv/versions/2.1.0/lib/ruby/gems/2.1.0/gems/pry-0.9.12.4/lib/pry/command.rb:426:in `call_safely'
  61. /usr/local/opt/rbenv/versions/2.1.0/lib/ruby/gems/2.1.0/gems/pry-0.9.12.4/lib/pry/command.rb:368:in `process_line'
  62. /usr/local/opt/rbenv/versions/2.1.0/lib/ruby/gems/2.1.0/gems/pry-0.9.12.4/lib/pry/command_set.rb:350:in `process_line'
  63. /usr/local/opt/rbenv/versions/2.1.0/lib/ruby/gems/2.1.0/gems/pry-0.9.12.4/lib/pry/pry_instance.rb:445:in `process_command'
  64. /usr/local/opt/rbenv/versions/2.1.0/lib/ruby/gems/2.1.0/gems/pry-0.9.12.4/lib/pry/pry_instance.rb:426:in `retrieve_line'
  65. /usr/local/opt/rbenv/versions/2.1.0/lib/ruby/gems/2.1.0/gems/pry-0.9.12.4/lib/pry/pry_instance.rb:301:in `block in r'
  66. /usr/local/opt/rbenv/versions/2.1.0/lib/ruby/gems/2.1.0/gems/pry-0.9.12.4/lib/pry/pry_instance.rb:298:in `loop'
  67. /usr/local/opt/rbenv/versions/2.1.0/lib/ruby/gems/2.1.0/gems/pry-0.9.12.4/lib/pry/pry_instance.rb:298:in `r'
  68. /usr/local/opt/rbenv/versions/2.1.0/lib/ruby/gems/2.1.0/gems/pry-0.9.12.4/lib/pry/pry_instance.rb:276:in `re'
  69. /usr/local/opt/rbenv/versions/2.1.0/lib/ruby/gems/2.1.0/gems/pry-0.9.12.4/lib/pry/pry_instance.rb:254:in `rep'
  70. /usr/local/opt/rbenv/versions/2.1.0/lib/ruby/gems/2.1.0/gems/pry-0.9.12.4/lib/pry/pry_instance.rb:234:in `block (3 levels) in repl'
  71. /usr/local/opt/rbenv/versions/2.1.0/lib/ruby/gems/2.1.0/gems/pry-0.9.12.4/lib/pry/pry_instance.rb:232:in `loop'
  72. /usr/local/opt/rbenv/versions/2.1.0/lib/ruby/gems/2.1.0/gems/pry-0.9.12.4/lib/pry/pry_instance.rb:232:in `block (2 levels) in repl'
  73. /usr/local/opt/rbenv/versions/2.1.0/lib/ruby/gems/2.1.0/gems/pry-0.9.12.4/lib/pry/pry_instance.rb:231:in `catch'
  74. /usr/local/opt/rbenv/versions/2.1.0/lib/ruby/gems/2.1.0/gems/pry-0.9.12.4/lib/pry/pry_instance.rb:231:in `block in repl'
  75. /usr/local/opt/rbenv/versions/2.1.0/lib/ruby/gems/2.1.0/gems/pry-0.9.12.4/lib/pry/pry_instance.rb:230:in `catch'
  76. /usr/local/opt/rbenv/versions/2.1.0/lib/ruby/gems/2.1.0/gems/pry-0.9.12.4/lib/pry/pry_instance.rb:230:in `repl'
  77. /usr/local/opt/rbenv/versions/2.1.0/lib/ruby/gems/2.1.0/gems/pry-0.9.12.4/lib/pry/pry_class.rb:170:in `start'
  ... 80 more lines omitted. See full crash log for details.

===== VERSION INFORMATION:

nanoc 3.6.7 © 2007-2013 Denis Defreyne.
Running ruby 2.1.0 (2013-12-25) on x86_64-darwin12.0 with RubyGems 2.2.0.

===== SYSTEM INFORMATION:

Darwin Jacquelyns-MacBook-Pro.local 12.5.0 Darwin Kernel Version 12.5.0: Sun Sep 29 13:33:47 PDT 2013; root:xnu-2050.48.12~1/RELEASE_X86_64 x86_64

===== INSTALLED GEMS:

  actionmailer 4.0.2
  actionpack 4.0.2
  active_utils 2.0.1
  activemerchant 1.42.2, 1.42.3
  activemodel 4.0.2
  activerecord 4.0.2
  activerecord-deprecated_finders 1.0.3
  activesupport 3.2.16, 4.0.2
  acts-as-taggable-on 3.0.1
  acts_as_list 0.2.0
  addressable 2.3.5
  arel 4.0.1
  atomic 1.1.14
  awesome_nested_set 3.0.0.rc.3
  aws-sdk 1.27.0
  bcrypt-ruby 3.1.2
  bigdecimal 1.2.3
  bootstrap-sass 3.0.3.0
  builder 3.1.4, 3.2.2
  bundler 1.5.1
  cancan 1.6.10
  canonical-rails 0.0.3
  carrierwave 0.9.0
  celluloid 0.15.2
  chunky_png 1.2.9
  ckeditor 4.0.8
  climate_control 0.0.3
  cocaine 0.5.3
  coderay 1.1.0
  coffee-rails 4.0.1
  coffee-rails-source-maps 1.4.0
  coffee-script 2.2.0
  coffee-script-source 1.6.3, 1.7.0
  colored 1.2
  colorize 0.6.0
  columnize 0.3.6
  compass 0.12.2
  cri 2.4.1
  daemons 1.1.9
  debugger 1.6.5
  debugger-linecache 1.2.0
  debugger-ruby_core_source 1.3.1
  deface 1.0.0
  devise 3.2.2
  devise-encryptable 0.1.2
  em-websocket 0.5.0
  erubis 2.7.0
  eventmachine 1.0.3
  execjs 1.4.0, 2.0.2
  ffaker 1.22.1
  ffi 1.9.3
  formatador 0.2.4
  friendly_id 5.0.2
  fssm 0.2.10
  guard 2.2.5
  guard-livereload 2.1.0
  guard-nanoc 1.0.2
  haml 4.0.5
  highline 1.6.20
  hike 1.2.3
  http_parser.rb 0.5.3
  httparty 0.12.0
  i18n 0.6.9
  io-console 0.4.2
  jbuilder 1.5.3
  jquery-rails 3.0.4
  jquery-ui-rails 4.0.5
  json 1.8.1
  kaminari 0.15.0, 0.15.1
  kaminari-bootstrap 3.0.1
  kramdown 1.3.1
  listen 1.3.1, 2.4.0
  lumberjack 1.0.4
  mail 2.5.4
  method_source 0.8.2
  middleman 3.2.2
  middleman-blog 3.5.1
  middleman-core 3.2.2
  middleman-livereload 3.1.1
  middleman-sprockets 3.2.0
  mime-types 1.25.1
  mini_magick 3.7.0
  mini_portile 0.5.2
  minitest 4.7.5
  money 6.0.0
  multi_json 1.8.2, 1.8.4
  multi_xml 0.5.5
  nanoc 3.6.7
  nokogiri 1.6.1
  orm_adapter 0.5.0
  paperclip 3.4.2
  paranoia 2.0.1
  polyamorous 0.6.4
  polyglot 0.3.3
  pry 0.9.12.4
  psych 2.0.2
  rabl 0.8.4
  rack 1.5.2
  rack-livereload 0.3.15
  rack-protection 1.5.2
  rack-test 0.6.2
  rails 4.0.2
  railties 4.0.2
  rake 10.1.0, 10.1.1
  ransack 1.1.0
  rb-fsevent 0.9.4
  rb-inotify 0.9.3
  rb-kqueue 0.2.0
  rdoc 3.12.2, 4.1.0, 4.1.1
  sass 3.2.13, 3.2.14
  sass-rails 4.0.1
  sdoc 0.3.20, 0.4.0
  select2-rails 3.4.9
  sinatra 1.4.4
  slop 3.4.7
  sprockets 2.10.1
  sprockets-helpers 1.0.1
  sprockets-rails 2.0.1
  sprockets-sass 1.0.2
  sqlite3 1.3.8
  state_machine 1.2.0
  stringex 1.5.1
  subexec 0.2.3
  test-unit 2.1.0.0
  thin 1.6.1
  thor 0.18.1
  thread_safe 0.1.3
  tilt 1.4.1
  timers 1.1.0
  tinymce-rails 3.5.8.3
  treetop 1.4.15
  truncate_html 0.9.2
  turbolinks 2.1.0, 2.2.0
  tzinfo 0.3.38, 1.1.0
  uglifier 2.4.0
  uuidtools 2.1.4
  versioncake 1.2.0
  warden 1.2.3
  yaml_db 0.2.3

===== ENVIRONMENT:

Apple_PubSub_Socket_Render => "/tmp/launch-oRJC3E/Render"
Apple_Ubiquity_Message => "/tmp/launch-HItAat/Apple_Ubiquity_Message"
COMMAND_MODE => "unix2003"
EDITOR => "subl -w"
GREP_COLOR => "1;32"
GREP_OPTIONS => "--color=auto"
GUARD_NOTIFIERS => "---\n- :name: :terminal_title\n  :options:\n    :silent: true\n"
GUARD_NOTIFY => "true"
HOME => "/Users/jacquelyn"
LANG => "en_US.UTF-8"
LC_CTYPE => "en_US.UTF-8"
LESS => "-R"
LOGNAME => "jacquelyn"
LSCOLORS => "Gxfxcxdxbxegedabagacad"
PAGER => "less"
PATH => "/usr/local/opt/rbenv/versions/2.1.0/bin:/usr/local/Cellar/rbenv/0.4.0/libexec:/usr/local/bin:/usr/local/opt/rbenv/shims:/usr/local/opt/rbenv/bin:/usr/bin:/bin:/usr/sbin:/sbin:/usr/local/bin:/usr/bin:/usr/bin:/bin:/usr/sbin:/sbin"
PWD => "/Users/jacquelyn/Workspace/jacquelyncarver.raw/app/nanoc"
RBENV_DIR => "/Users/jacquelyn/Workspace/jacquelyncarver.raw/app/nanoc"
RBENV_HOOK_PATH => ":/usr/local/opt/rbenv/rbenv.d:/usr/local/etc/rbenv.d:/etc/rbenv.d:/usr/lib/rbenv/hooks"
RBENV_ROOT => "/usr/local/opt/rbenv"
RBENV_VERSION => "2.1.0"
SECURITYSESSIONID => "186a4"
SHELL => "/bin/zsh"
SHLVL => "1"
SSH_AUTH_SOCK => "/tmp/launch-qthF0g/Listeners"
TERM => "ansi"
TERM_PROGRAM => "Apple_Terminal"
TERM_PROGRAM_VERSION => "309"
TERM_SESSION_ID => "FCC961BE-02CA-4DFC-8BA3-98F7F459F043"
TMPDIR => "/var/folders/0z/b0xj6n196c50s71fs_wygtzr0000gn/T/"
USER => "jacquelyn"
__CF_USER_TEXT_ENCODING => "0x1F5:0:0"

===== LOAD PATHS:

  0. /usr/local/opt/rbenv/versions/2.1.0/lib/ruby/gems/2.1.0/gems/thor-0.18.1/lib
  1. /usr/local/opt/rbenv/versions/2.1.0/lib/ruby/gems/2.1.0/gems/timers-1.1.0/lib
  2. /usr/local/opt/rbenv/versions/2.1.0/lib/ruby/gems/2.1.0/gems/celluloid-0.15.2/lib
  3. /usr/local/opt/rbenv/versions/2.1.0/lib/ruby/gems/2.1.0/gems/rb-fsevent-0.9.4/lib
  4. /usr/local/opt/rbenv/versions/2.1.0/lib/ruby/gems/2.1.0/extensions/x86_64-darwin-12/2.1.0-static/ffi-1.9.3
  5. /usr/local/opt/rbenv/versions/2.1.0/lib/ruby/gems/2.1.0/gems/ffi-1.9.3/lib
  6. /usr/local/opt/rbenv/versions/2.1.0/lib/ruby/gems/2.1.0/gems/ffi-1.9.3/ext/ffi_c
  7. /usr/local/opt/rbenv/versions/2.1.0/lib/ruby/gems/2.1.0/gems/rb-inotify-0.9.3/lib
  8. /usr/local/opt/rbenv/versions/2.1.0/lib/ruby/gems/2.1.0/gems/listen-2.4.0/lib
  9. /usr/local/opt/rbenv/versions/2.1.0/lib/ruby/gems/2.1.0/gems/coderay-1.1.0/lib
  10. /usr/local/opt/rbenv/versions/2.1.0/lib/ruby/gems/2.1.0/gems/slop-3.4.7/lib
  11. /usr/local/opt/rbenv/versions/2.1.0/lib/ruby/gems/2.1.0/gems/method_source-0.8.2/lib
  12. /usr/local/opt/rbenv/versions/2.1.0/lib/ruby/gems/2.1.0/gems/pry-0.9.12.4/lib
  13. /usr/local/opt/rbenv/versions/2.1.0/lib/ruby/gems/2.1.0/gems/lumberjack-1.0.4/lib
  14. /usr/local/opt/rbenv/versions/2.1.0/lib/ruby/gems/2.1.0/gems/formatador-0.2.4/lib
  15. /usr/local/opt/rbenv/versions/2.1.0/lib/ruby/gems/2.1.0/gems/guard-2.2.5/lib
  16. /usr/local/opt/rbenv/versions/2.1.0/lib/ruby/gems/2.1.0/gems/colored-1.2/lib
  17. /usr/local/opt/rbenv/versions/2.1.0/lib/ruby/gems/2.1.0/gems/cri-2.4.1/lib
  18. /usr/local/opt/rbenv/versions/2.1.0/lib/ruby/gems/2.1.0/gems/nanoc-3.6.7/lib
  19. /usr/local/opt/rbenv/versions/2.1.0/lib/ruby/gems/2.1.0/gems/guard-nanoc-1.0.2/lib
  20. /usr/local/opt/rbenv/versions/2.1.0/lib/ruby/site_ruby/2.1.0
  21. /usr/local/opt/rbenv/versions/2.1.0/lib/ruby/site_ruby/2.1.0/x86_64-darwin12.0
  22. /usr/local/opt/rbenv/versions/2.1.0/lib/ruby/site_ruby
  23. /usr/local/opt/rbenv/versions/2.1.0/lib/ruby/vendor_ruby/2.1.0
  24. /usr/local/opt/rbenv/versions/2.1.0/lib/ruby/vendor_ruby/2.1.0/x86_64-darwin12.0
  25. /usr/local/opt/rbenv/versions/2.1.0/lib/ruby/vendor_ruby
  26. /usr/local/opt/rbenv/versions/2.1.0/lib/ruby/2.1.0
  27. /usr/local/opt/rbenv/versions/2.1.0/lib/ruby/2.1.0/x86_64-darwin12.0
